[0m16:03:21.933824 [debug] [MainThread]: Sending event: {'category': 'dbt', 'action': 'invocation', 'label': 'start', 'context': [<snowplow_tracker.self_describing_json.SelfDescribingJson object at 0x0000014FBA88DF90>, <snowplow_tracker.self_describing_json.SelfDescribingJson object at 0x0000014FBA88ED90>, <snowplow_tracker.self_describing_json.SelfDescribingJson object at 0x0000014FBA88F410>]}


============================== 16:03:21.987944 | 85c57005-1ec9-40a6-a230-2110c0271980 ==============================
[0m16:03:21.987944 [info ] [MainThread]: Running with dbt=1.6.6
[0m16:03:21.987944 [debug] [MainThread]: running dbt with arguments {'printer_width': '80', 'indirect_selection': 'eager', 'log_cache_events': 'False', 'write_json': 'True', 'partial_parse': 'True', 'cache_selected_only': 'False', 'warn_error': 'None', 'debug': 'False', 'version_check': 'True', 'log_path': 'logs', 'profiles_dir': 'C:\\Users\\Sahil Kotak\\.dbt', 'fail_fast': 'False', 'use_colors': 'True', 'use_experimental_parser': 'False', 'no_print': 'None', 'quiet': 'False', 'log_format': 'default', 'static_parser': 'True', 'invocation_command': 'dbt init', 'introspect': 'True', 'target_path': 'None', 'warn_error_options': 'WarnErrorOptions(include=[], exclude=[])', 'send_anonymous_usage_stats': 'True'}
[0m16:03:21.987944 [warn ] [MainThread]: [ConfigFolderDirectory]: Unable to parse dict {'dir': WindowsPath('C:/Users/Sahil Kotak/.dbt')}
[0m16:03:21.996992 [info ] [MainThread]: Creating dbt configuration folder at 
[0m16:03:44.014230 [debug] [MainThread]: Starter project path: C:\Users\Sahil Kotak\AppData\Local\pypoetry\Cache\virtualenvs\dbt-airflow-Jr2qrl3g-py3.11\Lib\site-packages\dbt\include\starter_project
[0m16:03:44.151429 [info ] [MainThread]: 
Your new dbt project "bde3_assignment" was created!

For more information on how to configure the profiles.yml file,
please consult the dbt documentation here:

  https://docs.getdbt.com/docs/configure-your-profile

One more thing:

Need help? Don't hesitate to reach out to us via GitHub issues or on Slack:

  https://community.getdbt.com/

Happy modeling!

[0m16:03:44.167054 [info ] [MainThread]: Setting up your profile.
[0m16:03:55.458172 [info ] [MainThread]: Profile bde3_assignment written to C:\Users\Sahil Kotak\.dbt\profiles.yml using target's sample configuration. Once updated, you'll be able to start developing with dbt.
[0m16:03:55.458172 [debug] [MainThread]: Command `dbt init` succeeded at 16:03:55.458172 after 33.53 seconds
[0m16:03:55.463067 [debug] [MainThread]: Sending event: {'category': 'dbt', 'action': 'invocation', 'label': 'end', 'context': [<snowplow_tracker.self_describing_json.SelfDescribingJson object at 0x0000014FBA899B90>, <snowplow_tracker.self_describing_json.SelfDescribingJson object at 0x0000014FBA6BF890>, <snowplow_tracker.self_describing_json.SelfDescribingJson object at 0x0000014FB3C3DB90>]}
[0m16:03:55.464083 [debug] [MainThread]: Flushing usage events
